<?xml version="1.0" encoding="UTF-8"?>
<!-- Generated by org.testng.reporters.JUnitXMLReporter -->
<testsuite hostname="TH1554" ignored="1" name="Default test" tests="6" failures="0" timestamp="03 Jul 2018 10:38:13 GMT" time="555.781" errors="0">
  <testcase name="changeCoverLevel" time="44.535" classname="com.milvik.mip.customermanagement.testrunner.MIP_ChangeCoverLevel_Test"/>
  <testcase name="changeCoverLevel" time="36.423" classname="com.milvik.mip.customermanagement.testrunner.MIP_ChangeCoverLevel_Test"/>
  <testcase name="changeCoverLevel" time="39.834" classname="com.milvik.mip.customermanagement.testrunner.MIP_ChangeCoverLevel_Test"/>
  <testcase name="changeCoverLevel" time="36.28" classname="com.milvik.mip.customermanagement.testrunner.MIP_ChangeCoverLevel_Test"/>
  <testcase name="changeCoverLevel" time="42.02" classname="com.milvik.mip.customermanagement.testrunner.MIP_ChangeCoverLevel_Test"/>
  <testcase name="changeCoverLevel" time="35.589" classname="com.milvik.mip.customermanagement.testrunner.MIP_ChangeCoverLevel_Test"/>
  <testcase name="validate_changeCoverLevel" time="0.0" classname="com.milvik.mip.customermanagement.testrunner.MIP_ChangeCoverLevel_Test">
    <ignored/>
  </testcase> <!-- validate_changeCoverLevel -->
</testsuite> <!-- Default test -->
