<?xml version="1.0" encoding="UTF-8"?>
<!-- Generated by org.testng.reporters.JUnitXMLReporter -->
<testsuite hostname="TH1554" ignored="2" name="MIP_Customer_Management_Test" tests="13" failures="0" timestamp="05 Jul 2018 11:42:27 GMT" time="0.628" errors="0">
  <testcase name="@BeforeTest test_setup" time="0.206" classname="com.milvik.mip.customermanagement.testrunner.MIP_CustRegistration_Test">
    <failure type="java.lang.NullPointerException">
      <![CDATA[java.lang.NullPointerException
	at com.google.common.base.Preconditions.checkNotNull(Preconditions.java:787)
	at org.openqa.selenium.support.ui.FluentWait.<init>(FluentWait.java:96)
	at org.openqa.selenium.support.ui.WebDriverWait.<init>(WebDriverWait.java:72)
	at org.openqa.selenium.support.ui.WebDriverWait.<init>(WebDriverWait.java:46)
	at com.milvik.mip.customermanagement.testrunner.MIP_CustRegistration_Test.test_setup(MIP_CustRegistration_Test.java:81)
... Removed 23 stack frames]]>
    </failure>
  </testcase> <!-- @BeforeTest test_setup -->
  <testcase name="fieldValidationWithNegativeData_Postpaid" time="0.0" classname="com.milvik.mip.customermanagement.testrunner.MIP_CustRegistration_Test">
    <skipped/>
  </testcase> <!-- fieldValidationWithNegativeData_Postpaid -->
  <testcase name="fieldValidationWithNegativeData_Postpaid" time="0.0" classname="com.milvik.mip.customermanagement.testrunner.MIP_CustRegistration_Test">
    <skipped/>
  </testcase> <!-- fieldValidationWithNegativeData_Postpaid -->
  <testcase name="fieldValidationWithNegativeData_Postpaid" time="0.0" classname="com.milvik.mip.customermanagement.testrunner.MIP_CustRegistration_Test">
    <skipped/>
  </testcase> <!-- fieldValidationWithNegativeData_Postpaid -->
  <testcase name="fieldValidationWithNegativeData_Postpaid" time="0.0" classname="com.milvik.mip.customermanagement.testrunner.MIP_CustRegistration_Test">
    <skipped/>
  </testcase> <!-- fieldValidationWithNegativeData_Postpaid -->
  <testcase name="fieldValidationWithNegativeData_Postpaid" time="0.0" classname="com.milvik.mip.customermanagement.testrunner.MIP_CustRegistration_Test">
    <skipped/>
  </testcase> <!-- fieldValidationWithNegativeData_Postpaid -->
  <testcase name="fieldValidationWithNegativeData_Postpaid" time="0.0" classname="com.milvik.mip.customermanagement.testrunner.MIP_CustRegistration_Test">
    <skipped/>
  </testcase> <!-- fieldValidationWithNegativeData_Postpaid -->
  <testcase name="fieldValidationWithNegativeData_Postpaid" time="0.0" classname="com.milvik.mip.customermanagement.testrunner.MIP_CustRegistration_Test">
    <skipped/>
  </testcase> <!-- fieldValidationWithNegativeData_Postpaid -->
  <testcase name="fieldValidationWithNegativeData_Postpaid" time="0.0" classname="com.milvik.mip.customermanagement.testrunner.MIP_CustRegistration_Test">
    <skipped/>
  </testcase> <!-- fieldValidationWithNegativeData_Postpaid -->
  <testcase name="fieldValidationWithNegativeData_Postpaid" time="0.0" classname="com.milvik.mip.customermanagement.testrunner.MIP_CustRegistration_Test">
    <skipped/>
  </testcase> <!-- fieldValidationWithNegativeData_Postpaid -->
  <testcase name="fieldValidationWithNegativeData_Postpaid" time="0.0" classname="com.milvik.mip.customermanagement.testrunner.MIP_CustRegistration_Test">
    <skipped/>
  </testcase> <!-- fieldValidationWithNegativeData_Postpaid -->
  <testcase name="fieldValidationWithNegativeData_Postpaid" time="0.001" classname="com.milvik.mip.customermanagement.testrunner.MIP_CustRegistration_Test">
    <skipped/>
  </testcase> <!-- fieldValidationWithNegativeData_Postpaid -->
  <testcase name="fieldValidationWithNegativeData_Postpaid" time="0.0" classname="com.milvik.mip.customermanagement.testrunner.MIP_CustRegistration_Test">
    <skipped/>
  </testcase> <!-- fieldValidationWithNegativeData_Postpaid -->
  <testcase name="mandatoryFieldValidationInregistration" time="0.0" classname="com.milvik.mip.customermanagement.testrunner.MIP_CustRegistration_Test">
    <skipped/>
  </testcase> <!-- mandatoryFieldValidationInregistration -->
  <testcase name="changeCustomerDetails" time="0.0" classname="com.milvik.mip.customermanagement.testrunner.MIP_CustRegistration_Test">
    <ignored/>
  </testcase> <!-- changeCustomerDetails -->
  <testcase name="registrationTest" time="0.0" classname="com.milvik.mip.customermanagement.testrunner.MIP_CustRegistration_Test">
    <ignored/>
  </testcase> <!-- registrationTest -->
</testsuite> <!-- MIP_Customer_Management_Test -->
